<?xml version="1.0" encoding="UTF-8"?>
<!-- Generated by org.testng.reporters.JUnitReportReporter -->
<testsuite hostname="INLT-J1GVBS3" failures="0" tests="6" name="api.test.DataDrivenTests" time="10.612" errors="0" timestamp="2025-08-27T15:50:56 IST" skipped="0">
  <testcase classname="api.test.DataDrivenTests" name="testCreateUsers" time="1.382"/>
  <testcase classname="api.test.DataDrivenTests" name="testCreateUsers" time="1.389"/>
  <testcase classname="api.test.DataDrivenTests" name="testCreateUsers" time="3.453"/>
  <testcase classname="api.test.DataDrivenTests" name="deleteUsersbyName" time="1.529"/>
  <testcase classname="api.test.DataDrivenTests" name="deleteUsersbyName" time="1.426"/>
  <testcase classname="api.test.DataDrivenTests" name="deleteUsersbyName" time="1.433"/>
</testsuite> <!-- api.test.DataDrivenTests -->
